This is pdfTeX, Version 3.14159265-2.6-1.40.17 (MiKTeX 2.9 64-bit) (preloaded format=pdflatex 2016.10.8)  23 APR 2017 17:50
entering extended mode
**./Dissertation.tex
(Dissertation.tex
LaTeX2e <2016/03/31> patch level 3
Babel <3.9r> and hyphenation patterns for 75 language(s) loaded.
("C:\Program Files\MiKTeX 2.9\tex\latex\base\report.cls"
Document Class: report 2014/09/29 v1.4h Standard LaTeX document class
("C:\Program Files\MiKTeX 2.9\tex\latex\base\size12.clo"
File: size12.clo 2014/09/29 v1.4h Standard LaTeX file (size option)
)
\c@part=\count79
\c@chapter=\count80
\c@section=\count81
\c@subsection=\count82
\c@subsubsection=\count83
\c@paragraph=\count84
\c@subparagraph=\count85
\c@figure=\count86
\c@table=\count87
\abovecaptionskip=\skip41
\belowcaptionskip=\skip42
\bibindent=\dimen102
)
("C:\Program Files\MiKTeX 2.9\tex\latex\lipsum\lipsum.sty"
Package: lipsum 2014/07/27 v1.3 150 paragraphs of Lorem Ipsum dummy text
\c@lips@count=\count88
)
("C:\Program Files\MiKTeX 2.9\tex\latex\titlesec\titletoc.sty"
Package: titletoc 2011/12/15 v1.6 TOC entries
\ttl@leftsep=\dimen103
)
("C:\Program Files\MiKTeX 2.9\tex\latex\base\fontenc.sty"
Package: fontenc 2016/06/19 v1.99m Standard LaTeX package

("C:\Program Files\MiKTeX 2.9\tex\latex\base\t1enc.def"
File: t1enc.def 2016/06/19 v1.99m Standard LaTeX file
LaTeX Font Info:    Redeclaring font encoding T1 on input line 48.
))
("C:\Program Files\MiKTeX 2.9\tex\latex\natbib\natbib.sty"
Package: natbib 2010/09/13 8.31b (PWD, AO)
\bibhang=\skip43
\bibsep=\skip44
LaTeX Info: Redefining \cite on input line 694.
\c@NAT@ctr=\count89
)
("C:\Program Files\MiKTeX 2.9\tex\latex\url\url.sty"
\Urlmuskip=\muskip10
Package: url 2013/09/16  ver 3.4  Verb mode for urls, etc.
)
("C:\Program Files\MiKTeX 2.9\tex\latex\titlesec\titlesec.sty"
Package: titlesec 2016/03/21 v2.10.2 Sectioning titles
\ttl@box=\box26
\beforetitleunit=\skip45
\aftertitleunit=\skip46
\ttl@plus=\dimen104
\ttl@minus=\dimen105
\ttl@toksa=\toks14
\titlewidth=\dimen106
\titlewidthlast=\dimen107
\titlewidthfirst=\dimen108
)
("C:\Program Files\MiKTeX 2.9\tex\latex\graphics\graphicx.sty"
Package: graphicx 2014/10/28 v1.0g Enhanced LaTeX Graphics (DPC,SPQR)

("C:\Program Files\MiKTeX 2.9\tex\latex\graphics\keyval.sty"
Package: keyval 2014/10/28 v1.15 key=value parser (DPC)
\KV@toks@=\toks15
)
("C:\Program Files\MiKTeX 2.9\tex\latex\graphics\graphics.sty"
Package: graphics 2016/07/10 v1.0t Standard LaTeX Graphics (DPC,SPQR)

("C:\Program Files\MiKTeX 2.9\tex\latex\graphics\trig.sty"
Package: trig 2016/01/03 v1.10 sin cos tan (DPC)
)
("C:\Program Files\MiKTeX 2.9\tex\latex\00miktex\graphics.cfg"
File: graphics.cfg 2016/06/04 v1.11 sample graphics configuration
)
Package graphics Info: Driver file: pdftex.def on input line 99.

("C:\Program Files\MiKTeX 2.9\tex\latex\graphics-def\pdftex.def"
File: pdftex.def 2016/07/10 v0.06j Graphics/color for pdfTeX

("C:\Program Files\MiKTeX 2.9\tex\generic\oberdiek\infwarerr.sty"
Package: infwarerr 2016/05/16 v1.4 Providing info/warning/error messages (HO)
)
("C:\Program Files\MiKTeX 2.9\tex\generic\oberdiek\ltxcmds.sty"
Package: ltxcmds 2016/05/16 v1.23 LaTeX kernel commands for general use (HO)
)
\Gread@gobject=\count90
))
\Gin@req@height=\dimen109
\Gin@req@width=\dimen110
)
("C:\Program Files\MiKTeX 2.9\tex\latex\subfig\subfig.sty"
Package: subfig 2005/06/28 ver: 1.3 subfig package

("C:\Program Files\MiKTeX 2.9\tex\latex\caption\caption.sty"
Package: caption 2016/02/21 v3.3-144 Customizing captions (AR)

("C:\Program Files\MiKTeX 2.9\tex\latex\caption\caption3.sty"
Package: caption3 2016/05/22 v1.7-166 caption3 kernel (AR)
Package caption3 Info: TeX engine: e-TeX on input line 67.
\captionmargin=\dimen111
\captionmargin@=\dimen112
\captionwidth=\dimen113
\caption@tempdima=\dimen114
\caption@indent=\dimen115
\caption@parindent=\dimen116
\caption@hangindent=\dimen117
)
\c@ContinuedFloat=\count91
)
\c@KVtest=\count92
\sf@farskip=\skip47
\sf@captopadj=\dimen118
\sf@capskip=\skip48
\sf@nearskip=\skip49
\c@subfigure=\count93
\c@subfigure@save=\count94
\c@lofdepth=\count95
\c@subtable=\count96
\c@subtable@save=\count97
\c@lotdepth=\count98
\sf@top=\skip50
\sf@bottom=\skip51
)
("C:\Program Files\MiKTeX 2.9\tex\latex\tools\array.sty"
Package: array 2014/10/28 v2.4c Tabular extension package (FMi)
\col@sep=\dimen119
\extrarowheight=\dimen120
\NC@list=\toks16
\extratabsurround=\skip52
\backup@length=\skip53
)
("C:\Program Files\MiKTeX 2.9\tex\latex\placeins\placeins.sty"
Package: placeins 2005/04/18  v 2.2
)
("C:\Program Files\MiKTeX 2.9\tex\latex\amsmath\amsmath.sty"
Package: amsmath 2016/06/28 v2.15d AMS math features
\@mathmargin=\skip54

For additional information on amsmath, use the `?' option.
("C:\Program Files\MiKTeX 2.9\tex\latex\amsmath\amstext.sty"
Package: amstext 2000/06/29 v2.01 AMS text

("C:\Program Files\MiKTeX 2.9\tex\latex\amsmath\amsgen.sty"
File: amsgen.sty 1999/11/30 v2.0 generic functions
\@emptytoks=\toks17
\ex@=\dimen121
))
("C:\Program Files\MiKTeX 2.9\tex\latex\amsmath\amsbsy.sty"
Package: amsbsy 1999/11/29 v1.2d Bold Symbols
\pmbraise@=\dimen122
)
("C:\Program Files\MiKTeX 2.9\tex\latex\amsmath\amsopn.sty"
Package: amsopn 2016/03/08 v2.02 operator names
)
\inf@bad=\count99
LaTeX Info: Redefining \frac on input line 199.
\uproot@=\count100
\leftroot@=\count101
LaTeX Info: Redefining \overline on input line 297.
\classnum@=\count102
\DOTSCASE@=\count103
LaTeX Info: Redefining \ldots on input line 394.
LaTeX Info: Redefining \dots on input line 397.
LaTeX Info: Redefining \cdots on input line 518.
\Mathstrutbox@=\box27
\strutbox@=\box28
\big@size=\dimen123
LaTeX Font Info:    Redeclaring font encoding OML on input line 634.
LaTeX Font Info:    Redeclaring font encoding OMS on input line 635.
\macc@depth=\count104
\c@MaxMatrixCols=\count105
\dotsspace@=\muskip11
\c@parentequation=\count106
\dspbrk@lvl=\count107
\tag@help=\toks18
\row@=\count108
\column@=\count109
\maxfields@=\count110
\andhelp@=\toks19
\eqnshift@=\dimen124
\alignsep@=\dimen125
\tagshift@=\dimen126
\tagwidth@=\dimen127
\totwidth@=\dimen128
\lineht@=\dimen129
\@envbody=\toks20
\multlinegap=\skip55
\multlinetaggap=\skip56
\mathdisplay@stack=\toks21
LaTeX Info: Redefining \[ on input line 2739.
LaTeX Info: Redefining \] on input line 2740.
)
("C:\Program Files\MiKTeX 2.9\tex\latex\amsfonts\amssymb.sty"
Package: amssymb 2013/01/14 v3.01 AMS font symbols

("C:\Program Files\MiKTeX 2.9\tex\latex\amsfonts\amsfonts.sty"
Package: amsfonts 2013/01/14 v3.01 Basic AMSFonts support
\symAMSa=\mathgroup4
\symAMSb=\mathgroup5
LaTeX Font Info:    Overwriting math alphabet `\mathfrak' in version `bold'
(Font)                  U/euf/m/n --> U/euf/b/n on input line 106.
))
("C:\Program Files\MiKTeX 2.9\tex\latex\booktabs\booktabs.sty"
Package: booktabs 2005/04/14 v1.61803 publication quality tables
\heavyrulewidth=\dimen130
\lightrulewidth=\dimen131
\cmidrulewidth=\dimen132
\belowrulesep=\dimen133
\belowbottomsep=\dimen134
\aboverulesep=\dimen135
\abovetopsep=\dimen136
\cmidrulesep=\dimen137
\cmidrulekern=\dimen138
\defaultaddspace=\dimen139
\@cmidla=\count111
\@cmidlb=\count112
\@aboverulesep=\dimen140
\@belowrulesep=\dimen141
\@thisruleclass=\count113
\@lastruleclass=\count114
\@thisrulewidth=\dimen142
)
("C:\Program Files\MiKTeX 2.9\tex\latex\makecell\makecell.sty"
Package: makecell 2009/08/03 V0.1e Managing of Tab Column Heads and Cells
\rotheadsize=\dimen143
\c@nlinenum=\count115
\TeXr@lab=\toks22
)
("C:\Program Files\MiKTeX 2.9\tex\latex\siunitx\siunitx.sty"
("C:\Program Files\MiKTeX 2.9\tex\latex\l3kernel\expl3.sty"
Package: expl3 2016/10/19 v6730 L3 programming layer (loader) 

("C:\Program Files\MiKTeX 2.9\tex\latex\l3kernel\expl3-code.tex"
Package: expl3 2016/10/19 v6730 L3 programming layer (code)
L3 Module: l3bootstrap 2016/06/13 v6596 L3 Bootstrap code
L3 Module: l3names 2016/10/13 v6722 L3 Namespace for primitives
L3 Module: l3basics 2016/09/01 v6696 L3 Basic definitions
L3 Module: l3expan 2016/08/19 v6684 L3 Argument expansion
L3 Module: l3tl 2016/08/19 v6692 L3 Token lists
L3 Module: l3str 2016/08/19 v6692 L3 Strings
L3 Module: l3seq 2016/08/19 v6685 L3 Sequences and stacks
L3 Module: l3int 2016/09/07 v6700 L3 Integers
\c_max_int=\count116
\l_tmpa_int=\count117
\l_tmpb_int=\count118
\g_tmpa_int=\count119
\g_tmpb_int=\count120
L3 Module: l3quark 2016/08/19 v6685 L3 Quarks
L3 Module: l3prg 2016/08/18 v6679 L3 Control structures
\g__prg_map_int=\count121
L3 Module: l3clist 2016/08/19 v6685 L3 Comma separated lists
L3 Module: l3token 2016/09/01 v6695 L3 Experimental token manipulation
L3 Module: l3prop 2016/08/19 v6685 L3 Property lists
L3 Module: l3msg 2016/08/19 v6691 L3 Messages
L3 Module: l3file 2016/08/19 v6685 L3 File and I/O operations
\l_iow_line_count_int=\count122
\l__iow_target_count_int=\count123
\l__iow_current_line_int=\count124
\l__iow_current_word_int=\count125
\l__iow_current_indentation_int=\count126
L3 Module: l3skip 2016/08/19 v6692 L3 Dimensions and skips
\c_zero_dim=\dimen144
\c_max_dim=\dimen145
\l_tmpa_dim=\dimen146
\l_tmpb_dim=\dimen147
\g_tmpa_dim=\dimen148
\g_tmpb_dim=\dimen149
\c_zero_skip=\skip57
\c_max_skip=\skip58
\l_tmpa_skip=\skip59
\l_tmpb_skip=\skip60
\g_tmpa_skip=\skip61
\g_tmpb_skip=\skip62
\c_zero_muskip=\muskip12
\c_max_muskip=\muskip13
\l_tmpa_muskip=\muskip14
\l_tmpb_muskip=\muskip15
\g_tmpa_muskip=\muskip16
\g_tmpb_muskip=\muskip17
L3 Module: l3keys 2016/09/21 v6711 L3 Key-value interfaces
\l_keys_choice_int=\count127
L3 Module: l3fp 2016/08/19 v6685 L3 Floating points
\c__fp_leading_shift_int=\count128
\c__fp_middle_shift_int=\count129
\c__fp_trailing_shift_int=\count130
\c__fp_big_leading_shift_int=\count131
\c__fp_big_middle_shift_int=\count132
\c__fp_big_trailing_shift_int=\count133
\c__fp_Bigg_leading_shift_int=\count134
\c__fp_Bigg_middle_shift_int=\count135
\c__fp_Bigg_trailing_shift_int=\count136
L3 Module: l3box 2016/08/19 v6685 L3 Experimental boxes
\c_empty_box=\box29
\l_tmpa_box=\box30
\l_tmpb_box=\box31
\g_tmpa_box=\box32
\g_tmpb_box=\box33
L3 Module: l3coffins 2016/08/19 v6685 L3 Coffin code layer
\l__coffin_internal_box=\box34
\l__coffin_internal_dim=\dimen150
\l__coffin_offset_x_dim=\dimen151
\l__coffin_offset_y_dim=\dimen152
\l__coffin_x_dim=\dimen153
\l__coffin_y_dim=\dimen154
\l__coffin_x_prime_dim=\dimen155
\l__coffin_y_prime_dim=\dimen156
\c_empty_coffin=\box35
\l__coffin_aligned_coffin=\box36
\l__coffin_aligned_internal_coffin=\box37
\l_tmpa_coffin=\box38
\l_tmpb_coffin=\box39
\l__coffin_display_coffin=\box40
\l__coffin_display_coord_coffin=\box41
\l__coffin_display_pole_coffin=\box42
\l__coffin_display_offset_dim=\dimen157
\l__coffin_display_x_dim=\dimen158
\l__coffin_display_y_dim=\dimen159
L3 Module: l3color 2016/06/13 v6596 L3 Experimental color support
L3 Module: l3sys 2015/09/25 v6087 L3 Experimental system/runtime functions
L3 Module: l3candidates 2016/08/19 v6688 L3 Experimental additions to l3kernel
\l__box_top_dim=\dimen160
\l__box_bottom_dim=\dimen161
\l__box_left_dim=\dimen162
\l__box_right_dim=\dimen163
\l__box_top_new_dim=\dimen164
\l__box_bottom_new_dim=\dimen165
\l__box_left_new_dim=\dimen166
\l__box_right_new_dim=\dimen167
\l__box_internal_box=\box43
\l__coffin_bounding_shift_dim=\dimen168
\l__coffin_left_corner_dim=\dimen169
\l__coffin_right_corner_dim=\dimen170
\l__coffin_bottom_corner_dim=\dimen171
\l__coffin_top_corner_dim=\dimen172
\l__coffin_scaled_total_height_dim=\dimen173
\l__coffin_scaled_width_dim=\dimen174
L3 Module: l3luatex 2016/08/18 v6679 L3 Experimental LuaTeX-specific functions
)
("C:\Program Files\MiKTeX 2.9\tex\latex\l3kernel\l3pdfmode.def"
File: l3pdfmode.def 2016/08/18 v6679 L3 Experimental driver: PDF mode
\l__driver_color_stack_int=\count137
\l__driver_tmp_box=\box44
))
("C:\Program Files\MiKTeX 2.9\tex\latex\l3packages\xparse\xparse.sty"
Package: xparse 2016/10/19 v6730 L3 Experimental document command parser
\l__xparse_current_arg_int=\count138
\l__xparse_m_args_int=\count139
\l__xparse_mandatory_args_int=\count140
\l__xparse_processor_int=\count141
\l__xparse_v_nesting_int=\count142
)
Package: siunitx 2016/09/02 v2.6s A comprehensive (SI) units package

("C:\Program Files\MiKTeX 2.9\tex\latex\l3packages\l3keys2e\l3keys2e.sty"
Package: l3keys2e 2016/10/19 v6730 LaTeX2e option processing using LaTeX3 keys
)
\l__siunitx_tmp_box=\box45
\l__siunitx_tmp_dim=\dimen175
\l__siunitx_tmp_int=\count143
\l__siunitx_number_mantissa_length_int=\count144
\l__siunitx_number_uncert_length_int=\count145
\l__siunitx_round_int=\count146
\l__siunitx_process_decimal_int=\count147
\l__siunitx_process_uncertainty_int=\count148
\l__siunitx_process_fixed_int=\count149
\l__siunitx_process_integer_min_int=\count150
\l__siunitx_process_precision_int=\count151
\l__siunitx_group_min_int=\count152
\l__siunitx_angle_marker_box=\box46
\l__siunitx_angle_unit_box=\box47
\l__siunitx_angle_marker_dim=\dimen176
\l__siunitx_angle_unit_dim=\dimen177
\l__siunitx_unit_int=\count153
\l__siunitx_unit_denominator_int=\count154
\l__siunitx_unit_numerator_int=\count155
\l__siunitx_unit_prefix_int=\count156
\l__siunitx_unit_prefix_base_int=\count157
\l__siunitx_unit_prefix_gram_int=\count158
\l__siunitx_number_product_int=\count159
\c__siunitx_one_fill_skip=\skip63
\l__siunitx_table_unit_align_skip=\skip64
\l__siunitx_table_exponent_dim=\dimen178
\l__siunitx_table_integer_dim=\dimen179
\l__siunitx_table_mantissa_dim=\dimen180
\l__siunitx_table_marker_dim=\dimen181
\l__siunitx_table_result_dim=\dimen182
\l__siunitx_table_uncert_dim=\dimen183
\l__siunitx_table_fill_pre_dim=\dimen184
\l__siunitx_table_fill_post_dim=\dimen185
\l__siunitx_table_fill_mid_dim=\dimen186
\l__siunitx_table_pre_box=\box48
\l__siunitx_table_post_box=\box49
\l__siunitx_table_mantissa_box=\box50
\l__siunitx_table_result_box=\box51
\l__siunitx_table_number_align_skip=\skip65
\l__siunitx_table_text_align_skip=\skip66
.................................................
. LaTeX info: "xparse/define-command"
. 
. Defining command \DeclareBinaryPrefix with sig. 'mmm' on line 7237.
.................................................
.................................................
. LaTeX info: "xparse/define-command"
. 
. Defining command \DeclareSIPostPower with sig. 'mm' on line 7240.
.................................................
.................................................
. LaTeX info: "xparse/define-command"
. 
. Defining command \DeclareSIPrefix with sig. 'mmm' on line 7243.
.................................................
.................................................
. LaTeX info: "xparse/define-command"
. 
. Defining command \DeclareSIPrePower with sig. 'mm' on line 7246.
.................................................
.................................................
. LaTeX info: "xparse/define-command"
. 
. Defining command \DeclareSIQualifier with sig. 'mm' on line 7249.
.................................................
.................................................
. LaTeX info: "xparse/define-command"
. 
. Defining command \DeclareSIUnit with sig. 'O{}mm' on line 7252.
.................................................
.................................................
. LaTeX info: "xparse/define-command"
. 
. Defining command \DeclareSIUnitWithOptions with sig. 'mmm' on line 7255.
.................................................
.................................................
. LaTeX info: "xparse/define-command"
. 
. Defining command \ang with sig. 'o>{\SplitArgument {2}{;}}m' on line 7270.
.................................................
.................................................
. LaTeX info: "xparse/define-command"
. 
. Defining command \num with sig. 'om' on line 7279.
.................................................
.................................................
. LaTeX info: "xparse/define-command"
. 
. Defining command \numlist with sig. 'o>{\SplitList {;}}m' on line 7288.
.................................................
.................................................
. LaTeX info: "xparse/define-command"
. 
. Defining command \numrange with sig. 'omm' on line 7297.
.................................................
.................................................
. LaTeX info: "xparse/define-command"
. 
. Defining command \SIlist with sig. 'o>{\SplitList {;}}mm' on line 7309.
.................................................
.................................................
. LaTeX info: "xparse/define-command"
. 
. Defining command \SIrange with sig. 'ommm' on line 7321.
.................................................
.................................................
. LaTeX info: "xparse/define-command"
. 
. Defining command \SI with sig. 'omom' on line 7333.
.................................................
.................................................
. LaTeX info: "xparse/define-command"
. 
. Defining command \sisetup with sig. 'm' on line 7336.
.................................................
.................................................
. LaTeX info: "xparse/define-command"
. 
. Defining command \tablenum with sig. 'om' on line 7351.
.................................................
.................................................
. LaTeX info: "xparse/define-command"
. 
. Defining command \si with sig. 'om' on line 7363.
.................................................
.................................................
. LaTeX info: "xparse/define-command"
. 
. Defining command \__siunitx_bookmark_num:w with sig. 'om' on line 7410.
.................................................
.................................................
. LaTeX info: "xparse/define-command"
. 
. Defining command \__siunitx_bookmark_numrange:w with sig. 'omm' on line
. 7412.
.................................................
.................................................
. LaTeX info: "xparse/define-command"
. 
. Defining command \__siunitx_bookmark_SI:w with sig. 'omom' on line 7414.
.................................................
.................................................
. LaTeX info: "xparse/define-command"
. 
. Defining command \__siunitx_bookmark_SIlist:w with sig. 'omm' on line 7416.
.................................................
.................................................
. LaTeX info: "xparse/define-command"
. 
. Defining command \__siunitx_bookmark_SIrange:w with sig. 'ommm' on line
. 7418.
.................................................
.................................................
. LaTeX info: "xparse/define-command"
. 
. Defining command \__siunitx_bookmark_si:w with sig. 'om' on line 7419.
.................................................
\g__file_internal_ior=\read1

("C:\Program Files\MiKTeX 2.9\tex\latex\beamer\base\translator\translator.sty"
Package: translator 2010/06/12 ver 1.10

("C:\Program Files\MiKTeX 2.9\tex\latex\beamer\base\translator\translator-langu
age-mappings.tex"))) ("C:\Program Files\MiKTeX 2.9\tex\latex\mhchem\mhchem.sty"
Package: mhchem 2016/08/07 v4.05 for typesetting chemical formulae
("C:\Program Files\MiKTeX 2.9\tex\latex\l3experimental\l3str\l3regex.sty"
Package: l3regex 2016/10/19 v6730 L3 Experimental regular expressions

("C:\Program Files\MiKTeX 2.9\tex\latex\l3experimental\l3str\l3tl-build.sty"
Package: l3tl-build 2016/10/19 v6730 L3 Experimental token list construction
\l__tl_build_start_index_int=\count160
\l__tl_build_index_int=\count161
)
("C:\Program Files\MiKTeX 2.9\tex\latex\l3experimental\l3str\l3tl-analysis.sty"
Package: l3tl-analysis 2016/06/13 v6589 L3 Experimental token lists analysis
\l__tl_analysis_normal_int=\count162
\l__tl_analysis_index_int=\count163
\l__tl_analysis_nesting_int=\count164
\l__tl_analysis_type_int=\count165
) ("C:\Program Files\MiKTeX 2.9\tex\latex\l3experimental\l3str\l3flag.sty"
Package: l3flag 2016/10/19 v6730 L3 Experimental flags
)
("C:\Program Files\MiKTeX 2.9\tex\latex\l3experimental\l3str\l3str-convert.sty"
Package: l3str-convert 2016/09/07 v6699 L3 Experimental string encoding convers
ions
\l__str_internal_int=\count166
\c__str_replacement_char_int=\count167
)
\l__regex_internal_a_int=\count168
\l__regex_internal_b_int=\count169
\l__regex_internal_c_int=\count170
\l__regex_balance_int=\count171
\l__regex_group_level_int=\count172
\l__regex_mode_int=\count173
\l__regex_catcodes_int=\count174
\l__regex_default_catcodes_int=\count175
\c__regex_catcode_D_int=\count176
\c__regex_catcode_S_int=\count177
\c__regex_catcode_L_int=\count178
\c__regex_catcode_O_int=\count179
\c__regex_catcode_A_int=\count180
\c__regex_all_catcodes_int=\count181
\l__regex_show_lines_int=\count182
\l__regex_min_state_int=\count183
\l__regex_max_state_int=\count184
\l__regex_left_state_int=\count185
\l__regex_right_state_int=\count186
\l__regex_capturing_group_int=\count187
\l__regex_min_pos_int=\count188
\l__regex_max_pos_int=\count189
\l__regex_current_pos_int=\count190
\l__regex_start_pos_int=\count191
\l__regex_success_pos_int=\count192
\l__regex_current_char_int=\count193
\l__regex_current_catcode_int=\count194
\l__regex_last_char_int=\count195
\l__regex_case_changed_char_int=\count196
\l__regex_current_state_int=\count197
\l__regex_step_int=\count198
\l__regex_min_active_int=\count199
\l__regex_max_active_int=\count266
\l__regex_replacement_csnames_int=\count267
\l__regex_match_count_int=\count268
\l__regex_submatch_int=\count269
\l__regex_zeroth_submatch_int=\count270
) ("C:\Program Files\MiKTeX 2.9\tex\latex\tools\calc.sty"
Package: calc 2014/10/28 v4.3 Infix arithmetic (KKT,FJ)
\calc@Acount=\count271
\calc@Bcount=\count272
\calc@Adimen=\dimen187
\calc@Bdimen=\dimen188
\calc@Askip=\skip67
\calc@Bskip=\skip68
LaTeX Info: Redefining \setlength on input line 80.
LaTeX Info: Redefining \addtolength on input line 81.
\calc@Ccount=\count273
\calc@Cskip=\skip69
)
("C:\Program Files\MiKTeX 2.9\tex\latex\chemgreek\chemgreek.sty"
Package: chemgreek 2016/02/10 v1.0e interfaceforuprightgreeklettersforuseinchem
istry (CN)
\l__chemgreek_tmpa_int=\count274
\g__chemgreek_tmpa_int=\count275
.................................................
. LaTeX info: "xparse/define-command"
. 
. Defining command \newchemgreekmapping with sig. 'O{}mm' on line 336.
.................................................
.................................................
. LaTeX info: "xparse/define-command"
. 
. Defining command \renewchemgreekmapping with sig. 'O{}mm' on line 339.
.................................................
.................................................
. LaTeX info: "xparse/define-command"
. 
. Defining command \declarechemgreekmapping with sig. 'O{}mm' on line 342.
.................................................
.................................................
. LaTeX info: "xparse/define-command"
. 
. Defining command \newchemgreekmappingalias with sig. 'mm' on line 347.
.................................................
.................................................
. LaTeX info: "xparse/define-command"
. 
. Defining command \renewchemgreekmappingalias with sig. 'mm' on line 350.
.................................................
.................................................
. LaTeX info: "xparse/define-command"
. 
. Defining command \declarechemgreekmappingalias with sig. 'mm' on line 353.
.................................................
.................................................
. LaTeX info: "xparse/define-command"
. 
. Defining command \changechemgreeksymbol with sig. 'mmmm' on line 383.
.................................................
.................................................
. LaTeX info: "xparse/define-command"
. 
. Defining command \chemgreekmappingsymbol with sig. 'mm' on line 477.
.................................................
.................................................
. LaTeX info: "xparse/define-command"
. 
. Defining command \activatechemgreekmapping with sig. 'sm' on line 486.
.................................................
.................................................
. LaTeX info: "xparse/define-command"
. 
. Defining command \selectchemgreekmapping with sig. 'm' on line 491.
.................................................
)
\l__mhchem_ce_distanceFromLastComma_int=\count276
\__mhchem_arrow_extPgfLength_skip=\skip70
\mhchem@minispace@tmp=\skip71
\mhchem@minibackspace@tmp=\skip72
\mhchem@bondwidth=\skip73
\mhchem@bondheight=\skip74
\mhchem@smallbondwidth@tmpA=\skip75
\mhchem@smallbondwidth@tmpB=\skip76
\mhchem@smallbondwidth=\skip77
\mhchem@bondtmp@minussidebearingleft=\skip78
\mhchem@bondtmp@minussidebearingright=\skip79
\l__mhchem_option_version_int=\count277
\mhchem@option@minusmathsidebearingleft=\dimen189
\mhchem@option@minusmathsidebearingright=\dimen190
\mhchem@option@minustextsidebearingleft=\dimen191
\mhchem@option@minustextsidebearingright=\dimen192


Package mhchem Warning: You did not specify a 'version' option for the mhchem
(mhchem)                package. Please write \usepackage[version=4]{mhchem}
(mhchem)                in your preamble (or any lower number for
(mhchem)                compatibility mode), because you might get slightly
(mhchem)                different output with the same input in future versions
.

) ("C:\Program Files\MiKTeX 2.9\tex\latex\enumitem\enumitem.sty"
Package: enumitem 2011/09/28 v3.5.2 Customized lists
\labelindent=\skip80
\enit@outerparindent=\dimen193
\enit@toks=\toks23
\enit@inbox=\box52
\enitdp@description=\count278
)
("C:\Program Files\MiKTeX 2.9\tex\latex\adjustbox\adjustbox.sty"
Package: adjustbox 2012/05/21 v1.0 Adjusting TeX boxes (trim, clip, ...)

("C:\Program Files\MiKTeX 2.9\tex\latex\xkeyval\xkeyval.sty"
Package: xkeyval 2014/12/03 v2.7a package option processing (HA)

("C:\Program Files\MiKTeX 2.9\tex\generic\xkeyval\xkeyval.tex"
("C:\Program Files\MiKTeX 2.9\tex\generic\xkeyval\xkvutils.tex"
\XKV@toks=\toks24
\XKV@tempa@toks=\toks25
)
\XKV@depth=\count279
File: xkeyval.tex 2014/12/03 v2.7a key=value parser (HA)
))
("C:\Program Files\MiKTeX 2.9\tex\latex\adjustbox\adjcalc.sty"
Package: adjcalc 2012/05/16 v1.1 Provides advanced setlength with multiple back
-ends (calc, etex, pgfmath)
)
("C:\Program Files\MiKTeX 2.9\tex\latex\adjustbox\trimclip.sty"
Package: trimclip 2012/05/16 v1.0 Trim and clip general TeX material

("C:\Program Files\MiKTeX 2.9\tex\latex\collectbox\collectbox.sty"
Package: collectbox 2012/05/17 v0.4b Collect macro arguments as boxes
\collectedbox=\box53
)
\tc@llx=\dimen194
\tc@lly=\dimen195
\tc@urx=\dimen196
\tc@ury=\dimen197
Package trimclip Info: Using driver 'tc-pdftex.def'.

("C:\Program Files\MiKTeX 2.9\tex\latex\adjustbox\tc-pdftex.def"
File: tc-pdftex.def 2012/05/13 v1.0 Clipping driver for pdftex
))
\adjbox@Width=\dimen198
\adjbox@Height=\dimen199
\adjbox@Depth=\dimen256
\adjbox@Totalheight=\dimen257

("C:\Program Files\MiKTeX 2.9\tex\latex\ifoddpage\ifoddpage.sty"
Package: ifoddpage 2016/04/23 v1.1 Conditionals for odd/even page detection
\c@checkoddpage=\count280
)
("C:\Program Files\MiKTeX 2.9\tex\latex\ltxmisc\varwidth.sty"
Package: varwidth 2009/03/30 ver 0.92;  Variable-width minipages
\@vwid@box=\box54
\sift@deathcycles=\count281
\@vwid@loff=\dimen258
\@vwid@roff=\dimen259
))
("C:\Program Files\MiKTeX 2.9\tex\latex\algorithm2e\algorithm2e.sty"
Package: algorithm2e 2013/01/06 v5.00 algorithms environments
\c@AlgoLine=\count282

("C:\Program Files\MiKTeX 2.9\tex\latex\base\ifthen.sty"
Package: ifthen 2014/09/29 v1.1c Standard LaTeX ifthen package (DPC)
)
\algocf@hangindent=\skip81

("C:\Program Files\MiKTeX 2.9\tex\latex\tools\xspace.sty"
Package: xspace 2014/10/28 v1.13 Space after command names (DPC,MH)
)
("C:\Program Files\MiKTeX 2.9\tex\latex\ltxmisc\relsize.sty"
Package: relsize 2003/07/04 ver 3.1
)
********************************************************
Package `algorithm2e' Release 5.1 -- october 19 2015 --
- algorithm2e-announce@lirmm.fr mailing list for announcement about releases
- algorithm2e-discussion@lirmm.fr mailing list for discussion about package
subscribe by emailing sympa@lirmm.fr with 'subscribe <list> <firstname name>'
- Author: Christophe Fiorio (christophe.fiorio@umontpellier.fr)
********************************************************
\skiptotal=\skip82
\skiplinenumber=\skip83
\skiprule=\skip84
\skiphlne=\skip85
\skiptext=\skip86
\skiplength=\skip87
\algomargin=\skip88
\skipalgocfslide=\skip89
\algowidth=\dimen260
\inoutsize=\dimen261
\inoutindent=\dimen262
\interspacetitleruled=\dimen263
\interspacealgoruled=\dimen264
\interspacetitleboxruled=\dimen265
\algocf@ruledwidth=\skip90
\algocf@inoutbox=\box55
\algocf@inputbox=\box56
\AlCapSkip=\skip91
\AlCapHSkip=\skip92
\algoskipindent=\skip93
\algocf@nlbox=\box57
\algocf@hangingbox=\box58
\algocf@untilbox=\box59
\algocf@skipuntil=\skip94
\algocf@capbox=\box60
\algoheightruledefault=\skip95
\algoheightrule=\skip96
\algotitleheightruledefault=\skip97
\algotitleheightrule=\skip98
\c@algocfline=\count283
\c@algocfproc=\count284
\c@algocf=\count285
\algocf@algoframe=\box61
\algocf@algobox=\box62
) ("C:\Program Files\MiKTeX 2.9\tex\latex\ltxmisc\parskip.sty"
Package: parskip 2001/04/09 non-zero parskip adjustments
)
("C:\Program Files\MiKTeX 2.9\tex\latex\tools\layout.sty"
Package: layout 2014/10/28 v1.2c Show layout parameters
\oneinch=\count286
\cnt@paperwidth=\count287
\cnt@paperheight=\count288
\cnt@hoffset=\count289
\cnt@voffset=\count290
\cnt@textheight=\count291
\cnt@textwidth=\count292
\cnt@topmargin=\count293
\cnt@oddsidemargin=\count294
\cnt@evensidemargin=\count295
\cnt@headheight=\count296
\cnt@headsep=\count297
\cnt@marginparsep=\count298
\cnt@marginparwidth=\count299
\cnt@marginparpush=\count300
\cnt@footskip=\count301
\fheight=\count302
\ref@top=\count303
\ref@hoffset=\count304
\ref@voffset=\count305
\ref@head=\count306
\ref@body=\count307
\ref@foot=\count308
\ref@margin=\count309
\ref@marginwidth=\count310
\ref@marginpar=\count311
\Interval=\count312
\ExtraYPos=\count313
\PositionX=\count314
\PositionY=\count315
\ArrowLength=\count316
)
("C:\Program Files\MiKTeX 2.9\tex\latex\hyperref\hyperref.sty"
Package: hyperref 2016/06/24 v6.83q Hypertext links for LaTeX

("C:\Program Files\MiKTeX 2.9\tex\generic\oberdiek\hobsub-hyperref.sty"
Package: hobsub-hyperref 2016/05/16 v1.14 Bundle oberdiek, subset hyperref (HO)


("C:\Program Files\MiKTeX 2.9\tex\generic\oberdiek\hobsub-generic.sty"
Package: hobsub-generic 2016/05/16 v1.14 Bundle oberdiek, subset generic (HO)
Package: hobsub 2016/05/16 v1.14 Construct package bundles (HO)
Package hobsub Info: Skipping package `infwarerr' (already loaded).
Package hobsub Info: Skipping package `ltxcmds' (already loaded).
Package: ifluatex 2016/05/16 v1.4 Provides the ifluatex switch (HO)
Package ifluatex Info: LuaTeX not detected.
Package: ifvtex 2016/05/16 v1.6 Detect VTeX and its facilities (HO)
Package ifvtex Info: VTeX not detected.
Package: intcalc 2016/05/16 v1.2 Expandable calculations with integers (HO)
Package: ifpdf 2016/05/14 v3.1 Provides the ifpdf switch
Package: etexcmds 2016/05/16 v1.6 Avoid name clashes with e-TeX commands (HO)
Package etexcmds Info: Could not find \expanded.
(etexcmds)             That can mean that you are not using pdfTeX 1.50 or
(etexcmds)             that some package has redefined \expanded.
(etexcmds)             In the latter case, load this package earlier.
Package: kvsetkeys 2016/05/16 v1.17 Key value parser (HO)
Package: kvdefinekeys 2016/05/16 v1.4 Define keys (HO)
Package: pdftexcmds 2016/05/21 v0.22 Utility functions of pdfTeX for LuaTeX (HO
)
Package pdftexcmds Info: LuaTeX not detected.
Package pdftexcmds Info: \pdf@primitive is available.
Package pdftexcmds Info: \pdf@ifprimitive is available.
Package pdftexcmds Info: \pdfdraftmode found.
Package: pdfescape 2016/05/16 v1.14 Implements pdfTeX's escape features (HO)
Package: bigintcalc 2016/05/16 v1.4 Expandable calculations on big integers (HO
)
Package: bitset 2016/05/16 v1.2 Handle bit-vector datatype (HO)
Package: uniquecounter 2016/05/16 v1.3 Provide unlimited unique counter (HO)
)
Package hobsub Info: Skipping package `hobsub' (already loaded).
Package: letltxmacro 2016/05/16 v1.5 Let assignment for LaTeX macros (HO)
Package: hopatch 2016/05/16 v1.3 Wrapper for package hooks (HO)
Package: xcolor-patch 2016/05/16 xcolor patch
Package: atveryend 2016/05/16 v1.9 Hooks at the very end of document (HO)
Package atveryend Info: \enddocument detected (standard20110627).
Package: atbegshi 2016/06/09 v1.18 At begin shipout hook (HO)
Package: refcount 2016/05/16 v3.5 Data extraction from label references (HO)
Package: hycolor 2016/05/16 v1.8 Color options for hyperref/bookmark (HO)
)
("C:\Program Files\MiKTeX 2.9\tex\generic\ifxetex\ifxetex.sty"
Package: ifxetex 2010/09/12 v0.6 Provides ifxetex conditional
)
("C:\Program Files\MiKTeX 2.9\tex\latex\oberdiek\auxhook.sty"
Package: auxhook 2016/05/16 v1.4 Hooks for auxiliary files (HO)
)
("C:\Program Files\MiKTeX 2.9\tex\latex\oberdiek\kvoptions.sty"
Package: kvoptions 2016/05/16 v3.12 Key value format for package options (HO)
)
\@linkdim=\dimen266
\Hy@linkcounter=\count317
\Hy@pagecounter=\count318

("C:\Program Files\MiKTeX 2.9\tex\latex\hyperref\pd1enc.def"
File: pd1enc.def 2016/06/24 v6.83q Hyperref: PDFDocEncoding definition (HO)
)
\Hy@SavedSpaceFactor=\count319

("C:\Program Files\MiKTeX 2.9\tex\latex\00miktex\hyperref.cfg"
File: hyperref.cfg 2002/06/06 v1.2 hyperref configuration of TeXLive
)
Package hyperref Info: Hyper figures OFF on input line 4486.
Package hyperref Info: Link nesting OFF on input line 4491.
Package hyperref Info: Hyper index ON on input line 4494.
Package hyperref Info: Plain pages OFF on input line 4501.
Package hyperref Info: Backreferencing OFF on input line 4506.
Package hyperref Info: Implicit mode ON; LaTeX internals redefined.
Package hyperref Info: Bookmarks ON on input line 4735.
\c@Hy@tempcnt=\count320
LaTeX Info: Redefining \url on input line 5088.
\XeTeXLinkMargin=\dimen267
\Fld@menulength=\count321
\Field@Width=\dimen268
\Fld@charsize=\dimen269
Package hyperref Info: Hyper figures OFF on input line 6342.
Package hyperref Info: Link nesting OFF on input line 6347.
Package hyperref Info: Hyper index ON on input line 6350.
Package hyperref Info: backreferencing OFF on input line 6357.
Package hyperref Info: Link coloring OFF on input line 6362.
Package hyperref Info: Link coloring with OCG OFF on input line 6367.
Package hyperref Info: PDF/A mode OFF on input line 6372.
LaTeX Info: Redefining \ref on input line 6412.
LaTeX Info: Redefining \pageref on input line 6416.
\Hy@abspage=\count322
\c@Item=\count323
\c@Hfootnote=\count324
)

Package hyperref Message: Driver (autodetected): hpdftex.

("C:\Program Files\MiKTeX 2.9\tex\latex\hyperref\hpdftex.def"
File: hpdftex.def 2016/06/24 v6.83q Hyperref driver for pdfTeX
\Fld@listcount=\count325
\c@bookmark@seq@number=\count326

("C:\Program Files\MiKTeX 2.9\tex\latex\oberdiek\rerunfilecheck.sty"
Package: rerunfilecheck 2016/05/16 v1.8 Rerun checks for auxiliary files (HO)
Package uniquecounter Info: New unique counter `rerunfilecheck' on input line 2
82.
)
\Hy@SectionHShift=\skip99
)
Package hyperref Info: Option `colorlinks' set `true' on input line 40.

("C:\Program Files\MiKTeX 2.9\tex\latex\float\float.sty"
Package: float 2001/11/08 v1.3d Float enhancements (AL)
\c@float@type=\count327
\float@exts=\toks26
\float@box=\box63
\@float@everytoks=\toks27
\@floatcapt=\box64
)
("C:\Program Files\MiKTeX 2.9\tex\latex\xcolor\xcolor.sty"
Package: xcolor 2016/05/11 v2.12 LaTeX color extensions (UK)

("C:\Program Files\MiKTeX 2.9\tex\latex\00miktex\color.cfg"
File: color.cfg 2016/01/02 v1.6 sample color configuration
)
Package xcolor Info: Driver file: pdftex.def on input line 225.
Package xcolor Info: Model `cmy' substituted by `cmy0' on input line 1348.
Package xcolor Info: Model `hsb' substituted by `rgb' on input line 1352.
Package xcolor Info: Model `RGB' extended on input line 1364.
Package xcolor Info: Model `HTML' substituted by `rgb' on input line 1366.
Package xcolor Info: Model `Hsb' substituted by `hsb' on input line 1367.
Package xcolor Info: Model `tHsb' substituted by `hsb' on input line 1368.
Package xcolor Info: Model `HSB' substituted by `hsb' on input line 1369.
Package xcolor Info: Model `Gray' substituted by `gray' on input line 1370.
Package xcolor Info: Model `wave' substituted by `hsb' on input line 1371.
)
("C:\Program Files\MiKTeX 2.9\tex\latex\listings\listings.sty"
\lst@mode=\count328
\lst@gtempboxa=\box65
\lst@token=\toks28
\lst@length=\count329
\lst@currlwidth=\dimen270
\lst@column=\count330
\lst@pos=\count331
\lst@lostspace=\dimen271
\lst@width=\dimen272
\lst@newlines=\count332
\lst@lineno=\count333
\lst@maxwidth=\dimen273

("C:\Program Files\MiKTeX 2.9\tex\latex\listings\lstmisc.sty"
File: lstmisc.sty 2015/06/04 1.6 (Carsten Heinz)
\c@lstnumber=\count334
\lst@skipnumbers=\count335
\lst@framebox=\box66
)
("C:\Program Files\MiKTeX 2.9\tex\latex\listings\listings.cfg"
File: listings.cfg 2015/06/04 1.6 listings configuration
))
Package: listings 2015/06/04 1.6 (Carsten Heinz)

(Dissertation.aux

LaTeX Warning: Label `fig:floodFillBad' multiply defined.


LaTeX Warning: Label `fig:floodFillBad' multiply defined.

)
\openout1 = `Dissertation.aux'.

LaTeX Font Info:    Checking defaults for OML/cmm/m/it on input line 124.
LaTeX Font Info:    ... okay on input line 124.
LaTeX Font Info:    Checking defaults for T1/cmr/m/n on input line 124.
LaTeX Font Info:    ... okay on input line 124.
LaTeX Font Info:    Checking defaults for OT1/cmr/m/n on input line 124.
LaTeX Font Info:    ... okay on input line 124.
LaTeX Font Info:    Checking defaults for OMS/cmsy/m/n on input line 124.
LaTeX Font Info:    ... okay on input line 124.
LaTeX Font Info:    Checking defaults for OMX/cmex/m/n on input line 124.
LaTeX Font Info:    ... okay on input line 124.
LaTeX Font Info:    Checking defaults for U/cmr/m/n on input line 124.
LaTeX Font Info:    ... okay on input line 124.
LaTeX Font Info:    Checking defaults for PD1/pdf/m/n on input line 124.
LaTeX Font Info:    ... okay on input line 124.
 ("C:\Program Files\MiKTeX 2.9\tex\context\base\supp-pdf.mkii"
[Loading MPS to PDF converter (version 2006.09.02).]
\scratchcounter=\count336
\scratchdimen=\dimen274
\scratchbox=\box67
\nofMPsegments=\count337
\nofMParguments=\count338
\everyMPshowfont=\toks29
\MPscratchCnt=\count339
\MPscratchDim=\dimen275
\MPnumerator=\count340
\makeMPintoPDFobject=\count341
\everyMPtoPDFconversion=\toks30
) ("C:\Program Files\MiKTeX 2.9\tex\latex\oberdiek\epstopdf-base.sty"
Package: epstopdf-base 2016/05/15 v2.6 Base part for package epstopdf

("C:\Program Files\MiKTeX 2.9\tex\latex\oberdiek\grfext.sty"
Package: grfext 2016/05/16 v1.2 Manage graphics extensions (HO)
)
Package epstopdf-base Info: Redefining graphics rule for `.eps' on input line 4
38.
Package grfext Info: Graphics extension search list:
(grfext)             [.png,.pdf,.jpg,.mps,.jpeg,.jbig2,.jb2,.PNG,.PDF,.JPG,.JPE
G,.JBIG2,.JB2,.eps]
(grfext)             \AppendGraphicsExtensions on input line 456.
)
Package caption Info: Begin \AtBeginDocument code.
Package caption Info: subfig package v1.3 is loaded.
Package caption Info: float package is loaded.
Package caption Info: hyperref package is loaded.
Package caption Info: listings package is loaded.
Package caption Info: End \AtBeginDocument code.

("C:\Program Files\MiKTeX 2.9\tex\latex\beamer\base\translator\dicts\translator
-basic-dictionary\translator-basic-dictionary-English.dict"
Dictionary: translator-basic-dictionary, Language: English 
)
("C:\Program Files\MiKTeX 2.9\tex\latex\siunitx\siunitx-abbreviations.cfg"
File: siunitx-abbreviations.cfg 2016/09/02 v2.6s siunitx: Abbreviated units
)
.................................................
. chemgreek info: "mapping-activated"
. 
. Activating mapping `default' on line 124.
.................................................
\AtBeginShipoutBox=\box68
Package hyperref Info: Link coloring ON on input line 124.

("C:\Program Files\MiKTeX 2.9\tex\latex\hyperref\nameref.sty"
Package: nameref 2016/05/21 v2.44 Cross-referencing by name of section

("C:\Program Files\MiKTeX 2.9\tex\generic\oberdiek\gettitlestring.sty"
Package: gettitlestring 2016/05/16 v1.5 Cleanup title references (HO)
)
\c@section@level=\count342
)
LaTeX Info: Redefining \ref on input line 124.
LaTeX Info: Redefining \pageref on input line 124.
LaTeX Info: Redefining \nameref on input line 124.

(Dissertation.out) (Dissertation.out)
\@outlinefile=\write3
\openout3 = `Dissertation.out'.

\c@lstlisting=\count343
\c__siunitx_mathsf_int=\count344
LaTeX Font Info:    Try loading font information for U+msa on input line 124.

("C:\Program Files\MiKTeX 2.9\tex\latex\amsfonts\umsa.fd"
File: umsa.fd 2013/01/14 v3.01 AMS symbols A
)
LaTeX Font Info:    Try loading font information for U+msb on input line 124.

("C:\Program Files\MiKTeX 2.9\tex\latex\amsfonts\umsb.fd"
File: umsb.fd 2013/01/14 v3.01 AMS symbols B
)
\c__siunitx_mathtt_int=\count345
 [1

{C:/ProgramData/MiKTeX/2.9/pdftex/config/pdftex.map}]pdfTeX warning (ext4): des
tination with the same identifier (name{page.1}) has been already used, duplica
te ignored
<to be read again> 
                   \relax 
l.175 \end{titlepage}
                      [1]pdfTeX warning (ext4): destination with the same ident
ifier (name{page.1}) has been already used, duplicate ignored
<to be read again> 
                   \relax 
l.191 \clearpage
                 [1

]pdfTeX warning (ext4): destination with the same identifier (name{page.1}) has
 been already used, duplicate ignored
<to be read again> 
                   \relax 
l.195 \end{abstract}
                     [1

] (Dissertation.toc [1


])
\tf@toc=\write4
\openout4 = `Dissertation.toc'.

pdfTeX warning (ext4): destination with the same identifier (name{page.}) has b
een already used, duplicate ignored
<to be read again> 
                   \relax 
l.200 \cleardoublepage
                       [2]
Chapter 1.
LaTeX Font Info:    Try loading font information for OMS+cmr on input line 214.

("C:\Program Files\MiKTeX 2.9\tex\latex\base\omscmr.fd"
File: omscmr.fd 2014/09/29 v2.5h Standard LaTeX font definitions
)
LaTeX Font Info:    Font shape `OMS/cmr/m/n' in size <12> not available
(Font)              Font shape `OMS/cmsy/m/n' tried instead on input line 214.
pdfTeX warning (ext4): destination with the same identifier (name{page.1}) has 
been already used, duplicate ignored
<to be read again> 
                   \relax 
l.227 \chapter
              {Literature Review} [1


]
Chapter 2.
[2

] [3] [4] <images/AVenn.png, id=329, 513.92pt x 513.92pt>
File: images/AVenn.png Graphic file (type png)

<use images/AVenn.png>
Package pdftex.def Info: images/AVenn.png used on input line 326.
(pdftex.def)             Requested size: 85.80048pt x 85.79688pt.
 <images/IVenn.png, id=330, 513.92pt x 513.92pt>
File: images/IVenn.png Graphic file (type png)

<use images/IVenn.png>
Package pdftex.def Info: images/IVenn.png used on input line 330.
(pdftex.def)             Requested size: 85.80048pt x 85.79688pt.
 <images/EVenn.png, id=331, 513.92pt x 513.92pt>
File: images/EVenn.png Graphic file (type png)

<use images/EVenn.png>
Package pdftex.def Info: images/EVenn.png used on input line 334.
(pdftex.def)             Requested size: 85.80048pt x 85.79688pt.
 <images/OVenn.png, id=332, 513.92pt x 513.92pt>
File: images/OVenn.png Graphic file (type png)

<use images/OVenn.png>
Package pdftex.def Info: images/OVenn.png used on input line 338.
(pdftex.def)             Requested size: 85.80048pt x 85.79688pt.

Overfull \hbox (1.2019pt too wide) in paragraph at lines 323--342
 [][] 
 []


LaTeX Warning: `!h' float specifier changed to `!ht'.

<images/VennAllMenAreMortal.png, id=333, 432.61626pt x 269.50688pt>
File: images/VennAllMenAreMortal.png Graphic file (type png)

<use images/VennAllMenAreMortal.png>
Package pdftex.def Info: images/VennAllMenAreMortal.png used on input line 354.

(pdftex.def)             Requested size: 108.1538pt x 67.37654pt.

<images/VennAllGreeksAreMen.png, id=335, 430.60875pt x 277.035pt>
File: images/VennAllGreeksAreMen.png Graphic file (type png)

<use images/VennAllGreeksAreMen.png>
Package pdftex.def Info: images/VennAllGreeksAreMen.png used on input line 361.

(pdftex.def)             Requested size: 107.65192pt x 69.25858pt.

<images/VennAllGreeksAreMortal.png, id=336, 431.11063pt x 449.68pt>
File: images/VennAllGreeksAreMortal.png Graphic file (type png)

<use images/VennAllGreeksAreMortal.png>
Package pdftex.def Info: images/VennAllGreeksAreMortal.png used on input line 3
68.
(pdftex.def)             Requested size: 68.9791pt x 71.95026pt.
 [5]
<images/VennNoLizardsAreMammals.png, id=345, 396.98312pt x 274.02374pt>
File: images/VennNoLizardsAreMammals.png Graphic file (type png)

<use images/VennNoLizardsAreMammals.png>
Package pdftex.def Info: images/VennNoLizardsAreMammals.png used on input line 
386.
(pdftex.def)             Requested size: 99.24553pt x 68.50577pt.

<images/VennAllLizardsAreReptiles.png, id=346, 395.4775pt x 280.04625pt>
File: images/VennAllLizardsAreReptiles.png Graphic file (type png)

<use images/VennAllLizardsAreReptiles.png>
Package pdftex.def Info: images/VennAllLizardsAreReptiles.png used on input lin
e 393.
(pdftex.def)             Requested size: 98.86913pt x 70.01138pt.

<images/VennSomeReptilesAreNotMammals.png, id=347, 380.92313pt x 406.01688pt>
File: images/VennSomeReptilesAreNotMammals.png Graphic file (type png)

<use images/VennSomeReptilesAreNotMammals.png>
Package pdftex.def Info: images/VennSomeReptilesAreNotMammals.png used on input
 line 400.
(pdftex.def)             Requested size: 95.23055pt x 101.50397pt.

<images/AEuler.png, id=351, 509.40312pt x 269.005pt>
File: images/AEuler.png Graphic file (type png)
 <use images/AEuler.png>
Package pdftex.def Info: images/AEuler.png used on input line 422.
(pdftex.def)             Requested size: 85.80048pt x 45.30745pt.

<images/IEuler.png, id=352, 433.11812pt x 252.945pt>
File: images/IEuler.png Graphic file (type png)
 <use images/IEuler.png>
Package pdftex.def Info: images/IEuler.png used on input line 426.
(pdftex.def)             Requested size: 85.80048pt x 50.10564pt.

<images/EEuler.png, id=353, 506.89375pt x 266.49562pt>
File: images/EEuler.png Graphic file (type png)
 <use images/EEuler.png>
Package pdftex.def Info: images/EEuler.png used on input line 430.
(pdftex.def)             Requested size: 85.80048pt x 45.10846pt.

<images/OEuler.png, id=354, 435.12563pt x 296.10625pt>
File: images/OEuler.png Graphic file (type png)
 <use images/OEuler.png>
Package pdftex.def Info: images/OEuler.png used on input line 434.
(pdftex.def)             Requested size: 85.80048pt x 58.38884pt.

Overfull \hbox (1.2019pt too wide) in paragraph at lines 419--438
 [][] 
 []


LaTeX Warning: `!h' float specifier changed to `!ht'.

<images/EulerAllMenAreMortal.png, id=355, 285.56688pt x 268.50313pt>
File: images/EulerAllMenAreMortal.png Graphic file (type png)

<use images/EulerAllMenAreMortal.png>
Package pdftex.def Info: images/EulerAllMenAreMortal.png used on input line 449
.
(pdftex.def)             Requested size: 71.39154pt x 67.12561pt.

<images/EulerAllGreeksAreMen.png, id=356, 272.51813pt x 270.00874pt>
File: images/EulerAllGreeksAreMen.png Graphic file (type png)

<use images/EulerAllGreeksAreMen.png>
Package pdftex.def Info: images/EulerAllGreeksAreMen.png used on input line 455
.
(pdftex.def)             Requested size: 68.12936pt x 67.50201pt.

<images/EulerAllGreeksAreMortal.png, id=357, 277.035pt x 269.50688pt>
File: images/EulerAllGreeksAreMortal.png Graphic file (type png)

<use images/EulerAllGreeksAreMortal.png>
Package pdftex.def Info: images/EulerAllGreeksAreMortal.png used on input line 
461.
(pdftex.def)             Requested size: 69.25858pt x 67.37654pt.
 [6 <./images/AVenn.png> <./images/IVenn.png> <./images/EVenn.png> <./images/OV
enn.png> <./images/VennAllMenAreMortal.png> <./images/VennAllGreeksAreMen.png> 
<./images/VennAllGreeksAreMortal.png> <./images/VennNoLizardsAreMammals.png> <.
/images/VennAllLizardsAreReptiles.png> <./images/VennSomeReptilesAreNotMammals.
png>]
<EulerNoHomeworkFun.png, id=375, 513.92pt x 513.92pt>
File: EulerNoHomeworkFun.png Graphic file (type png)

<use EulerNoHomeworkFun.png>
Package pdftex.def Info: EulerNoHomeworkFun.png used on input line 476.
(pdftex.def)             Requested size: 85.80048pt x 85.79688pt.

<images/EulerSomeReadingIsHomework.png, id=376, 513.92pt x 513.92pt>
File: images/EulerSomeReadingIsHomework.png Graphic file (type png)

<use images/EulerSomeReadingIsHomework.png>
Package pdftex.def Info: images/EulerSomeReadingIsHomework.png used on input li
ne 480.
(pdftex.def)             Requested size: 85.80048pt x 85.79688pt.

<images/EulerSomeReadingIsNotFun1.png, id=377, 513.92pt x 183.68625pt>
File: images/EulerSomeReadingIsNotFun1.png Graphic file (type png)

<use images/EulerSomeReadingIsNotFun1.png>
Package pdftex.def Info: images/EulerSomeReadingIsNotFun1.png used on input lin
e 484.
(pdftex.def)             Requested size: 85.80048pt x 30.66568pt.

<images/EulerSomeReadingIsNotFun2.png, id=378, 513.92pt x 513.92pt>
File: images/EulerSomeReadingIsNotFun2.png Graphic file (type png)

<use images/EulerSomeReadingIsNotFun2.png>
Package pdftex.def Info: images/EulerSomeReadingIsNotFun2.png used on input lin
e 490.
(pdftex.def)             Requested size: 85.80048pt x 85.79688pt.

<images/EulerSomeReadingIsNotFun3.png, id=379, 513.92pt x 513.92pt>
File: images/EulerSomeReadingIsNotFun3.png Graphic file (type png)

<use images/EulerSomeReadingIsNotFun3.png>
Package pdftex.def Info: images/EulerSomeReadingIsNotFun3.png used on input lin
e 496.
(pdftex.def)             Requested size: 85.80048pt x 85.79688pt.

Overfull \hbox (8.72108pt too wide) in paragraph at lines 473--500
 [][] 
 []


LaTeX Warning: `!h' float specifier changed to `!ht'.

[7 <./images/AEuler.png> <./images/IEuler.png> <./images/EEuler.png> <./images/
OEuler.png> <./images/EulerAllMenAreMortal.png> <./images/EulerAllGreeksAreMen.
png> <./images/EulerAllGreeksAreMortal.png>]
<images/ALinear.png, id=396, 513.92pt x 513.92pt>
File: images/ALinear.png Graphic file (type png)
 <use images/ALinear.png>
Package pdftex.def Info: images/ALinear.png used on input line 514.
(pdftex.def)             Requested size: 85.80048pt x 85.79688pt.

<images/ILinear.png, id=397, 513.92pt x 513.92pt>
File: images/ILinear.png Graphic file (type png)
 <use images/ILinear.png>
Package pdftex.def Info: images/ILinear.png used on input line 518.
(pdftex.def)             Requested size: 85.80048pt x 85.79688pt.

<images/ELinear.png, id=398, 513.92pt x 513.92pt>
File: images/ELinear.png Graphic file (type png)
 <use images/ELinear.png>
Package pdftex.def Info: images/ELinear.png used on input line 522.
(pdftex.def)             Requested size: 85.80048pt x 85.79688pt.

<images/O1Linear.png, id=399, 513.92pt x 513.92pt>
File: images/O1Linear.png Graphic file (type png)
 <use images/O1Linear.png>
Package pdftex.def Info: images/O1Linear.png used on input line 526.
(pdftex.def)             Requested size: 85.80048pt x 85.79688pt.

<images/O2Linear.png, id=400, 513.92pt x 513.92pt>
File: images/O2Linear.png Graphic file (type png)
 <use images/O2Linear.png>
Package pdftex.def Info: images/O2Linear.png used on input line 533.
(pdftex.def)             Requested size: 85.80048pt x 85.79688pt.

Overfull \hbox (1.2019pt too wide) in paragraph at lines 511--537
 [][] 
 []


LaTeX Warning: `!h' float specifier changed to `!ht'.

[8 <./EulerNoHomeworkFun.png> <./images/EulerSomeReadingIsHomework.png> <./imag
es/EulerSomeReadingIsNotFun1.png> <./images/EulerSomeReadingIsNotFun2.png> <./i
mages/EulerSomeReadingIsNotFun3.png>]
<images/CPDA.png, id=417, 120.45pt x 112.16907pt>
File: images/CPDA.png Graphic file (type png)
 <use images/CPDA.png>
Package pdftex.def Info: images/CPDA.png used on input line 553.
(pdftex.def)             Requested size: 60.22484pt x 56.08438pt.

<images/CPDI.png, id=418, 118.19156pt x 113.67468pt>
File: images/CPDI.png Graphic file (type png)
 <use images/CPDI.png>
Package pdftex.def Info: images/CPDI.png used on input line 557.
(pdftex.def)             Requested size: 59.09563pt x 56.83719pt.

<images/CPDE.png, id=419, 121.95563pt x 110.66344pt>
File: images/CPDE.png Graphic file (type png)
 <use images/CPDE.png>
Package pdftex.def Info: images/CPDE.png used on input line 561.
(pdftex.def)             Requested size: 60.97765pt x 55.33157pt.

<images/CPDO.png, id=420, 119.69719pt x 117.43875pt>
File: images/CPDO.png Graphic file (type png)
 <use images/CPDO.png>
Package pdftex.def Info: images/CPDO.png used on input line 565.
(pdftex.def)             Requested size: 85.80048pt x 84.18129pt.

Overfull \hbox (1.2019pt too wide) in paragraph at lines 550--569
 [][] 
 []


LaTeX Warning: `!h' float specifier changed to `!ht'.

[9 <./images/ALinear.png> <./images/ILinear.png> <./images/ELinear.png> <./imag
es/O1Linear.png> <./images/O2Linear.png>]
<images/4SetVennDiagram.jpg, id=435, 346.29375pt x 333.245pt>
File: images/4SetVennDiagram.jpg Graphic file (type jpg)

<use images/4SetVennDiagram.jpg>
Package pdftex.def Info: images/4SetVennDiagram.jpg used on input line 584.
(pdftex.def)             Requested size: 155.99762pt x 150.12157pt.

<images/5SetVennDiagram.png, id=436, 547.3248pt x 370.986pt>
File: images/5SetVennDiagram.png Graphic file (type png)

<use images/5SetVennDiagram.png>
Package pdftex.def Info: images/5SetVennDiagram.png used on input line 590.
(pdftex.def)             Requested size: 155.99762pt x 105.73776pt.


LaTeX Warning: `!h' float specifier changed to `!ht'.

[10 <./images/CPDA.png> <./images/CPDI.png> <./images/CPDE.png> <./images/CPDO.
png>] <images/LinearTemporalLogic.png, id=453, 513.92pt x 513.92pt>
File: images/LinearTemporalLogic.png Graphic file (type png)

<use images/LinearTemporalLogic.png>
Package pdftex.def Info: images/LinearTemporalLogic.png used on input line 616.

(pdftex.def)             Requested size: 155.99762pt x 155.99648pt.

<images/BranchingTemporalLogic.png, id=454, 513.92pt x 513.92pt>
File: images/BranchingTemporalLogic.png Graphic file (type png)

<use images/BranchingTemporalLogic.png>
Package pdftex.def Info: images/BranchingTemporalLogic.png used on input line 6
21.
(pdftex.def)             Requested size: 155.99762pt x 155.99648pt.
 [11 <./images/4SetVennDiagram.jpg> <./images/5SetVennDiagram.png>] [12 <./imag
es/LinearTemporalLogic.png> <./images/BranchingTemporalLogic.png>] [13] [14] [1
5]
<images/mymaths.png, id=548, 867.24pt x 487.8225pt>
File: images/mymaths.png Graphic file (type png)
 <use images/mymaths.png>
Package pdftex.def Info: images/mymaths.png used on input line 690.
(pdftex.def)             Requested size: 390.0pt x 219.37666pt.

[16] [17 <./images/mymaths.png>]
<images/BBCBitesize.png, id=562, 484.81125pt x 310.15875pt>
File: images/BBCBitesize.png Graphic file (type png)

<use images/BBCBitesize.png>
Package pdftex.def Info: images/BBCBitesize.png used on input line 707.
(pdftex.def)             Requested size: 390.0pt x 249.51399pt.
 [18 <./images/BBCBitesize.png>]
Chapter 3.
[19

] [20] [21]

Package natbib Warning: Citation `nielsen1994usability' on page 22 undefined on
 input line 800.

[22] [23]
Chapter 4.
[24

]
<images/EvenNumbersMultiple5Mockup.png, id=620, 1303.87125pt x 905.3825pt>
File: images/EvenNumbersMultiple5Mockup.png Graphic file (type png)

<use images/EvenNumbersMultiple5Mockup.png>
Package pdftex.def Info: images/EvenNumbersMultiple5Mockup.png used on input li
ne 835.
(pdftex.def)             Requested size: 390.0pt x 270.80176pt.


LaTeX Warning: `h' float specifier changed to `ht'.

[25] <images/NavigationBar.png, id=626, 566.115pt x 333.245pt>
File: images/NavigationBar.png Graphic file (type png)

<use images/NavigationBar.png>
Package pdftex.def Info: images/NavigationBar.png used on input line 846.
(pdftex.def)             Requested size: 283.05681pt x 166.62209pt.


LaTeX Warning: `h' float specifier changed to `ht'.

[26 <./images/EvenNumbersMultiple5Mockup.png>] [27 <./images/NavigationBar.png>
] [28] [29]
Chapter 5.
<images/canvasLayers.png, id=656, 289.08pt x 173.64874pt>
File: images/canvasLayers.png Graphic file (type png)

<use images/canvasLayers.png>
Package pdftex.def Info: images/canvasLayers.png used on input line 897.
(pdftex.def)             Requested size: 144.53964pt x 86.82416pt.
 [30

 <./images/canvasLayers.png>]
<images/SelectDogs.png, id=666, 1054.6903pt x 531.48563pt>
File: images/SelectDogs.png Graphic file (type png)

<use images/SelectDogs.png>
Package pdftex.def Info: images/SelectDogs.png used on input line 917.
(pdftex.def)             Requested size: 390.0pt x 196.52495pt.

Overfull \hbox (6.79999pt too wide) in paragraph at lines 917--918
[][] 
 []


LaTeX Warning: `h' float specifier changed to `ht'.

[31]
LaTeX Font Info:    Try loading font information for T1+cmtt on input line 927.

 ("C:\Program Files\MiKTeX 2.9\tex\latex\base\t1cmtt.fd"
File: t1cmtt.fd 2014/09/29 v2.5h Standard LaTeX font definitions
)
Overfull \hbox (30.0pt too wide) in paragraph at lines 926--946
[]$[]$ 
 []

[32 <./images/SelectDogs.png>]
LaTeX Font Info:    Font shape `T1/cmtt/bx/n' in size <10> not available
(Font)              Font shape `T1/cmtt/m/n' tried instead on input line 952.

Overfull \hbox (30.0pt too wide) in paragraph at lines 950--965
[]$[]$ 
 []

[33]
Overfull \hbox (30.0pt too wide) in paragraph at lines 976--988
[]$[]$ 
 []

[34] <images/floodFillBad.png, id=731, 403.5075pt x 336.25626pt>
File: images/floodFillBad.png Graphic file (type png)

<use images/floodFillBad.png>
Package pdftex.def Info: images/floodFillBad.png used on input line 1044.
(pdftex.def)             Requested size: 201.75325pt x 168.12772pt.


LaTeX Warning: `h' float specifier changed to `ht'.

[35] <images/floodFillGood.png, id=737, 438.63875pt x 420.57124pt>
File: images/floodFillGood.png Graphic file (type png)

<use images/floodFillGood.png>
Package pdftex.def Info: images/floodFillGood.png used on input line 1054.
(pdftex.def)             Requested size: 175.45238pt x 168.22551pt.
 [36 <./images/floodFillBad.png> <./images/floodFillGood.png>]
Overfull \hbox (30.0pt too wide) in paragraph at lines 1063--1079
[]$[]$ 
 []

<images/GreenHighlightCorrectPlacement.png, id=746, 624.3325pt x 674.52pt>
File: images/GreenHighlightCorrectPlacement.png Graphic file (type png)

<use images/GreenHighlightCorrectPlacement.png>
Package pdftex.def Info: images/GreenHighlightCorrectPlacement.png used on inpu
t line 1083.
(pdftex.def)             Requested size: 155.99762pt x 168.53696pt.

<images/GreenHighlightIncorrectPlacement.png, id=747, 644.4075pt x 645.41125pt>
File: images/GreenHighlightIncorrectPlacement.png Graphic file (type png)
<use images/GreenHighlightIncorrectPlacement.png>
Package pdftex.def Info: images/GreenHighlightIncorrectPlacement.png used on in
put line 1088.
(pdftex.def)             Requested size: 155.99762pt x 156.24121pt.


LaTeX Warning: `!h' float specifier changed to `!ht'.

[37] <images/PremiseHighlight.png, id=766, 746.03719pt x 484.81125pt>
File: images/PremiseHighlight.png Graphic file (type png)

<use images/PremiseHighlight.png>
Package pdftex.def Info: images/PremiseHighlight.png used on input line 1099.
(pdftex.def)             Requested size: 373.01767pt x 242.40503pt.


LaTeX Warning: `h' float specifier changed to `ht'.

[38 <./images/GreenHighlightCorrectPlacement.png> <./images/GreenHighlightIncor
rectPlacement.png>] [39 <./images/PremiseHighlight.png>]
Overfull \hbox (30.0pt too wide) in paragraph at lines 1116--1124
[]$[]$ 
 []

<images/Labrador1.png, id=779, 406.51875pt x 395.97937pt>
File: images/Labrador1.png Graphic file (type png)

<use images/Labrador1.png>
Package pdftex.def Info: images/Labrador1.png used on input line 1135.
(pdftex.def)             Requested size: 155.99762pt x 151.94801pt.

<images/Labrador2.png, id=780, 402.75468pt x 400.49625pt>
File: images/Labrador2.png Graphic file (type png)

<use images/Labrador2.png>
Package pdftex.def Info: images/Labrador2.png used on input line 1139.
(pdftex.def)             Requested size: 155.99762pt x 155.12346pt.
 [40 <./images/Labrador1.png> <./images/Labrador2.png>]
Overfull \hbox (30.0pt too wide) in paragraph at lines 1147--1154
[]$[]$ 
 []


Overfull \hbox (30.0pt too wide) in paragraph at lines 1158--1171
[]$[]$ 
 []

[41]
Overfull \hbox (30.0pt too wide) in paragraph at lines 1184--1190
[]$[]$ 
 []


Overfull \hbox (30.0pt too wide) in paragraph at lines 1193--1198
[]$[]$ 
 []


Overfull \hbox (30.0pt too wide) in paragraph at lines 1201--1208
[]$[]$ 
 []

[42] <images/REST.png, id=824, 809.0225pt x 181.67876pt>
File: images/REST.png Graphic file (type png)
 <use images/REST.png>
Package pdftex.def Info: images/REST.png used on input line 1217.
(pdftex.def)             Requested size: 390.0pt x 87.58182pt.

[43 <./images/REST.png>]
Overfull \hbox (30.0pt too wide) in paragraph at lines 1236--1245
[]$[]$ 
 []

[44] ("C:\Program Files\MiKTeX 2.9\tex\latex\listings\lstlang1.sty"
File: lstlang1.sty 2015/06/04 1.6 listings language file
)
LaTeX Font Info:    Font shape `T1/cmtt/bx/n' in size <12> not available
(Font)              Font shape `T1/cmtt/m/n' tried instead on input line 1259.

Overfull \hbox (30.0pt too wide) in paragraph at lines 1252--1262
[]$[]$ 
 []


Overfull \hbox (30.0pt too wide) in paragraph at lines 1265--1274
[]$[]$ 
 []


Overfull \hbox (30.0pt too wide) in paragraph at lines 1281--1296
[]$[]$ 
 []

[45]
Overfull \hbox (30.0pt too wide) in paragraph at lines 1299--1304
[]$[]$ 
 []

[46]
Chapter 6.
[47

]
Overfull \hbox (30.0pt too wide) in paragraph at lines 1328--1350
[]$[]$ 
 []

[48]
Overfull \hbox (30.0pt too wide) in paragraph at lines 1368--1403
[]$[]$ 
 []

[49] [50]
Chapter 7.
[51

] <images/typeOfMathsChart.png, id=948, 849.1725pt x 524.96124pt>
File: images/typeOfMathsChart.png Graphic file (type png)

<use images/typeOfMathsChart.png>
Package pdftex.def Info: images/typeOfMathsChart.png used on input line 1444.
(pdftex.def)             Requested size: 424.5852pt x 262.47998pt.

Overfull \hbox (34.5852pt too wide) in paragraph at lines 1444--1445
 [][] 
 []

[52 <./images/typeOfMathsChart.png>]
<images/averageLevelTimeChart.png, id=957, 884.30376pt x 547.04375pt>
File: images/averageLevelTimeChart.png Graphic file (type png)

<use images/averageLevelTimeChart.png>
Package pdftex.def Info: images/averageLevelTimeChart.png used on input line 14
74.
(pdftex.def)             Requested size: 442.1508pt x 273.5212pt.

Overfull \hbox (52.1508pt too wide) in paragraph at lines 1474--1475
 [][] 
 []


LaTeX Warning: `h' float specifier changed to `ht'.

[53] <images/numberOfMovesChart.png, id=966, 843.15pt x 521.95pt>
File: images/numberOfMovesChart.png Graphic file (type png)

<use images/numberOfMovesChart.png>
Package pdftex.def Info: images/numberOfMovesChart.png used on input line 1486.

(pdftex.def)             Requested size: 421.57396pt x 260.97435pt.

Overfull \hbox (31.57396pt too wide) in paragraph at lines 1486--1487
 [][] 
 []


LaTeX Warning: `h' float specifier changed to `ht'.

[54 <./images/averageLevelTimeChart.png>] [55 <./images/numberOfMovesChart.png>
] [56] [57]
Chapter 8.
[58

] (Dissertation.bbl [59] [60

] [61])

Package natbib Warning: There were undefined citations.

Package atveryend Info: Empty hook `BeforeClearDocument' on input line 1565.
[62]
Package atveryend Info: Empty hook `AfterLastShipout' on input line 1565.
 (Dissertation.aux)
Package atveryend Info: Executing hook `AtVeryEndDocument' on input line 1565.
Package atveryend Info: Executing hook `AtEndAfterFileList' on input line 1565.

Package rerunfilecheck Info: File `Dissertation.out' has not changed.
(rerunfilecheck)             Checksum: 904A6889AB96D6D5B0D4BD1DBAAEEF20;3290.


LaTeX Warning: There were multiply-defined labels.

Package atveryend Info: Empty hook `AtVeryVeryEnd' on input line 1565.
 )
(\end occurred inside a group at level 1)

### simple group (level 1) entered at line 1061 ({)
### bottom level 
Here is how much of TeX's memory you used:
 24687 strings out of 493334
 456728 string characters out of 3139252
 727881 words of memory out of 3000000
 27501 multiletter control sequences out of 15000+200000
 20732 words of font info for 59 fonts, out of 3000000 for 9000
 1141 hyphenation exceptions out of 8191
 44i,18n,77p,10386b,8556s stack positions out of 5000i,500n,10000p,200000b,50000s
 <C:\Users\james\AppData\Local\MiKTeX\2.9\fonts\pk\ljfour\jknap
pen\ec\dpi600\ecrm1095.pk> <C:\Users\james\AppData\Local\MiKTeX\2.9\fonts\pk\lj
four\jknappen\ec\dpi600\ectt1000.pk> <C:\Users\james\AppData\Local\MiKTeX\2.9\f
onts\pk\ljfour\jknappen\ec\dpi600\ectt1200.pk> <C:\Users\james\AppData\Local\Mi
KTeX\2.9\fonts\pk\ljfour\jknappen\ec\dpi600\ecti1200.pk> <C:\Users\james\AppDat
a\Local\MiKTeX\2.9\fonts\pk\ljfour\jknappen\ec\dpi600\ecbx1728.pk> <C:\Users\ja
mes\AppData\Local\MiKTeX\2.9\fonts\pk\ljfour\jknappen\ec\dpi600\ecrm2488.pk> <C
:\Users\james\AppData\Local\MiKTeX\2.9\fonts\pk\ljfour\jknappen\ec\dpi600\ecbx1
200.pk> <C:\Users\james\AppData\Local\MiKTeX\2.9\fonts\pk\ljfour\jknappen\ec\dp
i600\ecbx1440.pk> <C:\Users\james\AppData\Local\MiKTeX\2.9\fonts\pk\ljfour\jkna
ppen\ec\dpi600\ecrm1200.pk> <C:\Users\james\AppData\Local\MiKTeX\2.9\fonts\pk\l
jfour\jknappen\ec\dpi600\ecrm2074.pk><C:/Program Files/MiKTeX 2.9/fonts/type1/p
ublic/amsfonts/cm/cmmi12.pfb><C:/Program Files/MiKTeX 2.9/fonts/type1/public/am
sfonts/cm/cmr12.pfb><C:/Program Files/MiKTeX 2.9/fonts/type1/public/amsfonts/cm
/cmsy10.pfb><C:/Program Files/MiKTeX 2.9/fonts/type1/public/amsfonts/symbols/ms
am10.pfb><C:/Program Files/MiKTeX 2.9/fonts/type1/public/amsfonts/symbols/msbm1
0.pfb>
Output written on Dissertation.pdf (68 pages, 1925841 bytes).
PDF statistics:
 1705 PDF objects out of 1728 (max. 8388607)
 393 named destinations out of 1000 (max. 500000)
 677 words of extra memory for PDF output out of 10000 (max. 10000000)

