\BOOKMARK [0][-]{chapter.1}{Literature Review}{}% 1
\BOOKMARK [1][-]{section.1.1}{Syllogisms}{chapter.1}% 2
\BOOKMARK [2][-]{subsection.1.1.1}{History}{section.1.1}% 3
\BOOKMARK [2][-]{subsection.1.1.2}{What are syllogisms}{section.1.1}% 4
\BOOKMARK [2][-]{subsection.1.1.3}{Current teaching}{section.1.1}% 5
\BOOKMARK [2][-]{subsection.1.1.4}{Additional Logic Systems}{section.1.1}% 6
\BOOKMARK [1][-]{section.1.2}{Serious Games}{chapter.1}% 7
\BOOKMARK [2][-]{subsection.1.2.1}{Introduction}{section.1.2}% 8
\BOOKMARK [2][-]{subsection.1.2.2}{Why They Are Good For Education}{section.1.2}% 9
\BOOKMARK [2][-]{subsection.1.2.3}{Existing Serious Games}{section.1.2}% 10
\BOOKMARK [0][-]{chapter.2}{Requirements}{}% 11
\BOOKMARK [1][-]{section.2.1}{Introduction}{chapter.2}% 12
\BOOKMARK [1][-]{section.2.2}{Sources}{chapter.2}% 13
\BOOKMARK [2][-]{subsection.2.2.1}{Literature Review}{section.2.2}% 14
\BOOKMARK [1][-]{section.2.3}{Functional}{chapter.2}% 15
\BOOKMARK [1][-]{section.2.4}{Non-functional}{chapter.2}% 16
\BOOKMARK [0][-]{chapter.3}{Implementation}{}% 17
\BOOKMARK [1][-]{section.3.1}{Undo and Redo}{chapter.3}% 18
\BOOKMARK [1][-]{section.3.2}{Clicking on items}{chapter.3}% 19
\BOOKMARK [1][-]{section.3.3}{Dragging items}{chapter.3}% 20
\BOOKMARK [1][-]{section.3.4}{Saving the game}{chapter.3}% 21
\BOOKMARK [1][-]{section.3.5}{Saving data to database}{chapter.3}% 22
\BOOKMARK [1][-]{section.3.6}{Reading from database}{chapter.3}% 23
\BOOKMARK [1][-]{section.3.7}{Working across multiple platforms}{chapter.3}% 24
\BOOKMARK [1][-]{section.3.8}{Floodfill}{chapter.3}% 25
\BOOKMARK [1][-]{section.3.9}{Recognising when level is complete}{chapter.3}% 26
